May-17 08:55:02.154 [AWT-EventQueue-0] DEBUG nextflow.Session - Session uuid: a3ed3d25-f1bf-47c6-81a9-b5d225d1e5d0
May-17 08:55:02.156 [AWT-EventQueue-0] DEBUG nextflow.Session - Run name: mad_payne
May-17 08:55:02.156 [AWT-EventQueue-0] DEBUG nextflow.Session - Executor pool size: 4
May-17 08:55:02.195 [AWT-EventQueue-0] DEBUG nextflow.Session - Work-dir: /Users/cdanang/Google_Drive/other_project/2019/danangcrysnanto.github.io/work [Mac OS X]
May-17 08:55:02.271 [Thread-1] DEBUG nextflow.Session - Session start invoked
May-17 08:55:02.275 [Thread-1] DEBUG nextflow.processor.TaskDispatcher - Dispatcher > start
May-17 08:55:10.776 [AWT-EventQueue-0] DEBUG nextflow.Session - Session uuid: f17c3b53-1655-46ce-a2f1-bdc399e9dcda
May-17 08:55:10.776 [AWT-EventQueue-0] DEBUG nextflow.Session - Run name: dreamy_agnesi
May-17 08:55:10.777 [AWT-EventQueue-0] DEBUG nextflow.Session - Executor pool size: 4
May-17 08:55:10.777 [AWT-EventQueue-0] DEBUG nextflow.Session - Work-dir: /Users/cdanang/Google_Drive/other_project/2019/danangcrysnanto.github.io/work [Mac OS X]
May-17 08:55:10.787 [Thread-2] DEBUG nextflow.Session - Session start invoked
May-17 08:55:10.787 [Thread-2] DEBUG nextflow.processor.TaskDispatcher - Dispatcher > start
May-17 08:55:30.441 [AWT-EventQueue-0] DEBUG nextflow.Session - Session uuid: 7917f936-ec2e-422f-ad3a-4e85d8feae3e
May-17 08:55:30.441 [AWT-EventQueue-0] DEBUG nextflow.Session - Run name: distracted_shaw
May-17 08:55:30.441 [AWT-EventQueue-0] DEBUG nextflow.Session - Executor pool size: 4
May-17 08:55:30.441 [AWT-EventQueue-0] DEBUG nextflow.Session - Work-dir: /Users/cdanang/Google_Drive/other_project/2019/danangcrysnanto.github.io/work [Mac OS X]
May-17 08:55:30.455 [Thread-3] DEBUG nextflow.Session - Session start invoked
May-17 08:55:30.476 [Thread-3] DEBUG nextflow.processor.TaskDispatcher - Dispatcher > start
May-17 09:00:04.130 [AWT-EventQueue-0] DEBUG nextflow.Session - Session uuid: 4f56dc5f-098a-435b-b9e6-3a1fa1a41db3
May-17 09:00:04.130 [AWT-EventQueue-0] DEBUG nextflow.Session - Run name: curious_meucci
May-17 09:00:04.130 [AWT-EventQueue-0] DEBUG nextflow.Session - Executor pool size: 4
May-17 09:00:04.131 [AWT-EventQueue-0] DEBUG nextflow.Session - Work-dir: /Users/cdanang/Google_Drive/other_project/2019/danangcrysnanto.github.io/work [Mac OS X]
May-17 09:00:04.139 [Thread-4] DEBUG nextflow.Session - Session start invoked
May-17 09:00:04.139 [Thread-4] DEBUG nextflow.processor.TaskDispatcher - Dispatcher > start
May-17 09:00:23.346 [AWT-EventQueue-0] DEBUG nextflow.Session - Session uuid: 134bd0d4-2258-4355-b1cf-a8ab210fb813
May-17 09:00:23.346 [AWT-EventQueue-0] DEBUG nextflow.Session - Run name: sleepy_mahavira
May-17 09:00:23.346 [AWT-EventQueue-0] DEBUG nextflow.Session - Executor pool size: 4
May-17 09:00:23.346 [AWT-EventQueue-0] DEBUG nextflow.Session - Work-dir: /Users/cdanang/Google_Drive/other_project/2019/danangcrysnanto.github.io/work [Mac OS X]
May-17 09:00:23.360 [Thread-5] DEBUG nextflow.Session - Session start invoked
May-17 09:00:23.360 [Thread-5] DEBUG nextflow.processor.TaskDispatcher - Dispatcher > start
May-17 09:00:23.374 [Thread-5] DEBUG nextflow.Session - Session await
May-17 09:00:23.375 [Thread-5] DEBUG nextflow.Session - Session await > all process finished
May-17 09:00:23.375 [Thread-5] DEBUG nextflow.Session - Session await > all barriers passed
May-17 09:00:23.375 [Thread-5] DEBUG nextflow.trace.StatsObserver - Workflow completed > WorkflowStats[succeedCount=0; failedCount=0; ignoredCount=0; cachedCount=0; succeedDuration=0ms; failedDuration=0ms; cachedDuration=0ms]
May-17 09:00:23.391 [Thread-5] DEBUG nextflow.CacheDB - Closing CacheDB done
May-17 09:00:39.234 [AWT-EventQueue-0] DEBUG nextflow.Session - Session uuid: 89308938-c84a-44ec-8634-9126c33ae3fd
May-17 09:00:39.234 [AWT-EventQueue-0] DEBUG nextflow.Session - Run name: pedantic_newton
May-17 09:00:39.234 [AWT-EventQueue-0] DEBUG nextflow.Session - Executor pool size: 4
May-17 09:00:39.234 [AWT-EventQueue-0] DEBUG nextflow.Session - Work-dir: /Users/cdanang/Google_Drive/other_project/2019/danangcrysnanto.github.io/work [Mac OS X]
May-17 09:00:39.243 [Thread-6] DEBUG nextflow.Session - Session start invoked
May-17 09:00:39.243 [Thread-6] DEBUG nextflow.processor.TaskDispatcher - Dispatcher > start
May-17 09:00:39.256 [Thread-6] WARN  nextflow.script.ScriptBinding - `params.test` is defined multiple times -- Assignments following the first are ignored
May-17 09:01:04.335 [AWT-EventQueue-0] DEBUG nextflow.Session - Session uuid: 04e19fa3-dec6-42ac-a210-0c7feaa98957
May-17 09:01:04.341 [AWT-EventQueue-0] DEBUG nextflow.Session - Run name: angry_einstein
May-17 09:01:04.341 [AWT-EventQueue-0] DEBUG nextflow.Session - Executor pool size: 4
May-17 09:01:04.341 [AWT-EventQueue-0] DEBUG nextflow.Session - Work-dir: /Users/cdanang/Google_Drive/other_project/2019/danangcrysnanto.github.io/work [Mac OS X]
May-17 09:01:04.349 [Thread-7] DEBUG nextflow.Session - Session start invoked
May-17 09:01:04.349 [Thread-7] DEBUG nextflow.processor.TaskDispatcher - Dispatcher > start
May-17 09:01:04.362 [Thread-7] WARN  nextflow.script.ScriptBinding - `params.test` is defined multiple times -- Assignments following the first are ignored
May-17 09:01:16.786 [AWT-EventQueue-0] DEBUG nextflow.Session - Session uuid: dfe6015c-8433-4c52-b320-8840f83f5f08
May-17 09:01:16.786 [AWT-EventQueue-0] DEBUG nextflow.Session - Run name: focused_chandrasekhar
May-17 09:01:16.786 [AWT-EventQueue-0] DEBUG nextflow.Session - Executor pool size: 4
May-17 09:01:16.786 [AWT-EventQueue-0] DEBUG nextflow.Session - Work-dir: /Users/cdanang/Google_Drive/other_project/2019/danangcrysnanto.github.io/work [Mac OS X]
May-17 09:01:16.799 [Thread-8] DEBUG nextflow.Session - Session start invoked
May-17 09:01:16.800 [Thread-8] DEBUG nextflow.processor.TaskDispatcher - Dispatcher > start
